[2026-06-25 11:13:12.717376] 数据库已打开
[2026-06-25 11:13:12.738185] 持久化 API 启动: http://localhost:8080
[2026-06-25 11:13:15.241487] POST notes -> 201 (20ms)
[2026-06-25 11:13:15.304754] GET notes -> 200 (3ms)
[2026-06-25 11:13:15.363243] GET notes/1 -> 200 (2ms)
[2026-06-25 11:13:15.423691] PUT notes/1 -> 200 (3ms)
[2026-06-25 11:13:15.486545] DELETE notes/1 -> 200 (3ms)
[2026-06-25 11:13:15.546570] GET notes -> 200 (0ms)
[2026-06-25 11:13:15.596852] POST notes -> 400 (0ms)
[2026-06-25 11:13:15.658157] GET notes/999 -> 404 (0ms)
[2026-06-25 11:13:21.190411] POST notes -> 400 (2ms)
[2026-06-25 11:13:21.248612] GET notes -> 200 (0ms)
[2026-06-25 11:13:25.336525] 数据库已打开
[2026-06-25 11:13:25.357913] 持久化 API 启动: http://localhost:8080
[2026-06-25 11:13:27.829500] GET notes -> 200 (7ms)
[2026-06-25 11:13:34.717642] POST notes -> 201 (14ms)
[2026-06-25 11:13:34.756157] GET notes -> 200 (1ms)
[2026-06-25 11:13:38.792057] 数据库已打开
[2026-06-25 11:13:38.811801] 持久化 API 启动: http://localhost:8080
[2026-06-25 11:13:41.365956] GET notes -> 200 (10ms)
[2026-06-25 17:31:34.866912] 数据库已打开
[2026-06-25 17:31:34.888653] 持久化 API 启动: http://localhost:8080
